0 2 has taken a fork
0 2 has taken a fork
0 2 is eating
0 4 has taken a fork
0 4 has taken a fork
0 4 is eating
0 6 has taken a fork
0 6 has taken a fork
0 6 is eating
0 8 has taken a fork
0 8 has taken a fork
0 8 is eating
0 10 has taken a fork
0 10 has taken a fork
0 10 is eating
0 12 has taken a fork
0 12 has taken a fork
0 12 is eating
0 14 has taken a fork
0 14 has taken a fork
0 14 is eating
0 16 has taken a fork
0 16 has taken a fork
0 16 is eating
0 18 has taken a fork
0 18 has taken a fork
0 18 is eating
0 20 has taken a fork
0 20 has taken a fork
0 20 is eating
0 22 has taken a fork
0 22 has taken a fork
0 22 is eating
0 24 has taken a fork
0 24 has taken a fork
0 24 is eating
0 26 has taken a fork
0 26 has taken a fork
0 26 is eating
1 28 has taken a fork
1 28 has taken a fork
1 28 is eating
1 30 has taken a fork
1 30 has taken a fork
1 30 is eating
1 32 has taken a fork
1 32 has taken a fork
1 32 is eating
1 34 has taken a fork
1 34 has taken a fork
1 34 is eating
1 36 has taken a fork
1 36 has taken a fork
1 36 is eating
1 38 has taken a fork
1 38 has taken a fork
1 38 is eating
1 40 has taken a fork
1 40 has taken a fork
1 40 is eating
1 42 has taken a fork
1 42 has taken a fork
1 42 is eating
1 44 has taken a fork
1 44 has taken a fork
1 44 is eating
1 46 has taken a fork
1 46 has taken a fork
1 46 is eating
1 48 has taken a fork
1 48 has taken a fork
1 48 is eating
1 50 has taken a fork
1 50 has taken a fork
1 50 is eating
1 52 has taken a fork
1 52 has taken a fork
1 52 is eating
1 54 has taken a fork
1 54 has taken a fork
1 54 is eating
1 56 has taken a fork
1 56 has taken a fork
1 56 is eating
1 58 has taken a fork
1 58 has taken a fork
1 58 is eating
1 60 has taken a fork
1 60 has taken a fork
1 60 is eating
1 62 has taken a fork
1 62 has taken a fork
1 62 is eating
1 64 has taken a fork
1 64 has taken a fork
1 64 is eating
1 66 has taken a fork
1 66 has taken a fork
1 66 is eating
1 68 has taken a fork
1 68 has taken a fork
1 68 is eating
1 70 has taken a fork
1 70 has taken a fork
1 70 is eating
1 72 has taken a fork
1 72 has taken a fork
1 72 is eating
1 74 has taken a fork
1 74 has taken a fork
1 74 is eating
1 76 has taken a fork
1 76 has taken a fork
1 76 is eating
1 78 has taken a fork
1 78 has taken a fork
1 78 is eating
1 80 has taken a fork
1 80 has taken a fork
1 80 is eating
1 82 has taken a fork
1 82 has taken a fork
1 82 is eating
1 84 has taken a fork
1 84 has taken a fork
1 84 is eating
1 86 has taken a fork
1 86 has taken a fork
1 86 is eating
1 88 has taken a fork
1 88 has taken a fork
1 88 is eating
1 90 has taken a fork
1 90 has taken a fork
1 90 is eating
1 92 has taken a fork
1 92 has taken a fork
1 92 is eating
1 94 has taken a fork
1 94 has taken a fork
1 94 is eating
1 96 has taken a fork
1 96 has taken a fork
1 96 is eating
1 98 has taken a fork
1 98 has taken a fork
1 98 is eating
1 100 has taken a fork
1 100 has taken a fork
1 100 is eating
1 102 has taken a fork
1 102 has taken a fork
1 102 is eating
1 104 has taken a fork
1 104 has taken a fork
1 104 is eating
1 106 has taken a fork
1 106 has taken a fork
1 106 is eating
1 108 has taken a fork
1 108 has taken a fork
1 108 is eating
1 110 has taken a fork
1 110 has taken a fork
1 110 is eating
1 112 has taken a fork
1 112 has taken a fork
1 112 is eating
1 114 has taken a fork
1 114 has taken a fork
1 114 is eating
1 116 has taken a fork
1 116 has taken a fork
1 116 is eating
1 118 has taken a fork
1 118 has taken a fork
1 118 is eating
1 120 has taken a fork
1 120 has taken a fork
1 120 is eating
1 122 has taken a fork
1 122 has taken a fork
1 122 is eating
1 124 has taken a fork
1 124 has taken a fork
1 124 is eating
1 126 has taken a fork
1 126 has taken a fork
1 126 is eating
1 128 has taken a fork
1 128 has taken a fork
1 128 is eating
1 130 has taken a fork
1 130 has taken a fork
1 130 is eating
1 132 has taken a fork
1 132 has taken a fork
1 132 is eating
1 134 has taken a fork
1 134 has taken a fork
1 134 is eating
1 136 has taken a fork
1 136 has taken a fork
1 136 is eating
1 138 has taken a fork
1 138 has taken a fork
1 138 is eating
1 140 has taken a fork
1 140 has taken a fork
1 140 is eating
1 142 has taken a fork
1 142 has taken a fork
1 142 is eating
1 144 has taken a fork
1 144 has taken a fork
1 144 is eating
1 146 has taken a fork
1 146 has taken a fork
1 146 is eating
1 148 has taken a fork
1 148 has taken a fork
1 148 is eating
1 150 has taken a fork
1 150 has taken a fork
1 150 is eating
1 152 has taken a fork
1 152 has taken a fork
1 152 is eating
1 154 has taken a fork
1 154 has taken a fork
1 154 is eating
1 156 has taken a fork
1 156 has taken a fork
1 156 is eating
1 158 has taken a fork
1 158 has taken a fork
1 158 is eating
1 160 has taken a fork
1 160 has taken a fork
1 160 is eating
1 162 has taken a fork
1 162 has taken a fork
1 162 is eating
1 164 has taken a fork
1 164 has taken a fork
1 164 is eating
1 166 has taken a fork
1 166 has taken a fork
1 166 is eating
1 168 has taken a fork
1 168 has taken a fork
1 168 is eating
1 170 has taken a fork
1 170 has taken a fork
1 170 is eating
1 172 has taken a fork
1 172 has taken a fork
1 172 is eating
1 174 has taken a fork
1 174 has taken a fork
1 174 is eating
1 176 has taken a fork
1 176 has taken a fork
1 176 is eating
1 178 has taken a fork
1 178 has taken a fork
1 178 is eating
1 180 has taken a fork
1 180 has taken a fork
1 180 is eating
1 182 has taken a fork
1 182 has taken a fork
1 182 is eating
1 184 has taken a fork
1 184 has taken a fork
1 184 is eating
1 186 has taken a fork
1 186 has taken a fork
1 186 is eating
2 188 has taken a fork
2 188 has taken a fork
2 188 is eating
2 190 has taken a fork
2 190 has taken a fork
2 190 is eating
2 192 has taken a fork
2 192 has taken a fork
2 192 is eating
2 194 has taken a fork
2 194 has taken a fork
2 194 is eating
2 196 has taken a fork
2 196 has taken a fork
2 196 is eating
2 198 has taken a fork
2 198 has taken a fork
2 198 is eating
300 16 is sleeping
300 15 has taken a fork
300 10 is sleeping
300 20 is sleeping
300 25 has taken a fork
300 4 is sleeping
300 19 has taken a fork
300 2 is sleeping
300 22 is sleeping
300 14 is sleeping
300 24 is sleeping
300 9 has taken a fork
300 6 is sleeping
300 12 is sleeping
300 1 has taken a fork
300 19 has taken a fork
300 25 has taken a fork
300 15 has taken a fork
300 19 is eating
300 17 has taken a fork
300 21 has taken a fork
300 15 is eating
300 8 is sleeping
300 9 has taken a fork
300 21 has taken a fork
300 11 has taken a fork
300 21 is eating
300 17 has taken a fork
300 25 is eating
300 17 is eating
300 13 has taken a fork
300 3 has taken a fork
300 11 has taken a fork
300 3 has taken a fork
300 9 is eating
300 7 has taken a fork
300 7 has taken a fork
300 7 is eating
300 11 is eating
300 23 has taken a fork
300 18 is sleeping
300 23 has taken a fork
300 23 is eating
300 26 is sleeping
300 3 is eating
300 13 has taken a fork
300 13 is eating
300 5 has taken a fork
300 5 has taken a fork
300 5 is eating
301 150 is sleeping
301 28 is sleeping
301 118 is sleeping
301 88 is sleeping
301 186 is sleeping
301 64 is sleeping
301 114 is sleeping
301 130 is sleeping
301 30 is sleeping
301 94 is sleeping
301 66 is sleeping
301 82 is sleeping
301 62 is sleeping
301 2 is thinking
301 144 is sleeping
301 112 is sleeping
301 182 is sleeping
301 168 is sleeping
301 104 is sleeping
301 134 is sleeping
301 122 is sleeping
301 44 is sleeping
301 32 is sleeping
301 84 is sleeping
301 48 is sleeping
301 146 is sleeping
301 113 has taken a fork
301 38 is sleeping
301 152 is sleeping
301 80 is sleeping
301 108 is sleeping
301 24 is thinking
301 8 is thinking
301 128 is sleeping
301 100 is sleeping
301 96 is sleeping
301 154 is sleeping
301 136 is sleeping
301 124 is sleeping
301 50 is sleeping
301 106 is sleeping
301 54 is sleeping
301 185 has taken a fork
301 129 has taken a fork
301 18 is thinking
301 170 is sleeping
301 143 has taken a fork
301 36 is sleeping
301 119 has taken a fork
301 143 has taken a fork
301 121 has taken a fork
301 77 has taken a fork
301 31 has taken a fork
301 71 has taken a fork
301 43 has taken a fork
301 145 has taken a fork
301 75 has taken a fork
301 83 has taken a fork
301 123 has taken a fork
301 99 has taken a fork
301 67 has taken a fork
301 153 has taken a fork
301 98 is sleeping
301 153 has taken a fork
301 27 has taken a fork
301 137 has taken a fork
301 56 is sleeping
301 137 has taken a fork
301 58 is sleeping
301 165 has taken a fork
301 178 is sleeping
301 69 has taken a fork
301 165 has taken a fork
301 113 has taken a fork
301 163 has taken a fork
301 92 is sleeping
301 69 has taken a fork
301 155 has taken a fork
301 74 is sleeping
301 165 is eating
301 155 has taken a fork
301 158 is sleeping
301 155 is eating
301 185 has taken a fork
301 176 is sleeping
301 113 is eating
301 85 has taken a fork
301 166 is sleeping
301 68 is sleeping
301 185 is eating
301 65 has taken a fork
301 93 has taken a fork
301 133 has taken a fork
301 93 has taken a fork
301 59 has taken a fork
301 35 has taken a fork
301 156 is sleeping
301 119 has taken a fork
301 81 has taken a fork
301 93 is eating
301 103 has taken a fork
301 81 has taken a fork
301 129 has taken a fork
301 81 is eating
301 61 has taken a fork
301 20 is thinking
301 129 is eating
301 119 is eating
301 151 has taken a fork
301 121 has taken a fork
301 151 has taken a fork
301 177 has taken a fork
301 75 has taken a fork
301 151 is eating
301 160 is sleeping
301 121 is eating
301 34 is sleeping
301 52 is sleeping
301 141 has taken a fork
301 174 is sleeping
301 177 has taken a fork
301 46 is sleeping
301 42 is sleeping
301 177 is eating
301 162 is sleeping
301 97 has taken a fork
301 172 is sleeping
301 184 is sleeping
301 107 has taken a fork
301 180 is sleeping
301 145 has taken a fork
301 105 has taken a fork
301 57 has taken a fork
301 16 is thinking
301 86 is sleeping
301 57 has taken a fork
301 107 has taken a fork
301 57 is eating
301 127 has taken a fork
301 105 has taken a fork
301 135 has taken a fork
301 123 has taken a fork
301 53 has taken a fork
301 139 has taken a fork
301 76 is sleeping
301 103 has taken a fork
301 135 has taken a fork
301 99 has taken a fork
301 153 is eating
301 45 has taken a fork
301 103 is eating
301 99 is eating
301 95 has taken a fork
301 139 has taken a fork
301 95 has taken a fork
301 10 is thinking
301 45 has taken a fork
301 60 is sleeping
301 45 is eating
301 137 is eating
301 26 is thinking
301 139 is eating
301 175 has taken a fork
301 90 is sleeping
301 27 has taken a fork
301 27 is eating
301 116 is sleeping
301 12 is thinking
301 29 has taken a fork
301 175 has taken a fork
301 149 has taken a fork
301 69 is eating
301 159 has taken a fork
301 117 has taken a fork
301 175 is eating
301 117 has taken a fork
301 6 is thinking
301 85 has taken a fork
301 164 is sleeping
301 111 has taken a fork
301 61 has taken a fork
301 147 has taken a fork
301 43 has taken a fork
301 61 is eating
301 31 has taken a fork
301 181 has taken a fork
301 89 has taken a fork
301 115 has taken a fork
301 43 is eating
301 85 is eating
301 31 is eating
301 181 has taken a fork
301 33 has taken a fork
301 35 has taken a fork
301 77 has taken a fork
301 35 is eating
301 75 is eating
301 77 is eating
301 33 has taken a fork
301 120 is sleeping
301 132 is sleeping
301 109 has taken a fork
301 183 has taken a fork
301 101 has taken a fork
301 173 has taken a fork
301 91 has taken a fork
301 173 has taken a fork
301 157 has taken a fork
301 91 has taken a fork
301 40 is sleeping
301 171 has taken a fork
301 91 is eating
301 171 has taken a fork
301 163 has taken a fork
301 171 is eating
301 4 is thinking
301 173 is eating
301 163 is eating
301 95 is eating
301 110 is sleeping
301 149 has taken a fork
301 141 has taken a fork
301 107 is eating
301 142 is sleeping
301 22 is thinking
301 149 is eating
301 63 has taken a fork
301 169 has taken a fork
301 126 is sleeping
301 179 has taken a fork
301 65 has taken a fork
301 111 has taken a fork
301 65 is eating
301 111 is eating
301 39 has taken a fork
301 59 has taken a fork
301 125 has taken a fork
301 59 is eating
301 147 has taken a fork
301 133 has taken a fork
301 37 has taken a fork
301 147 is eating
301 55 has taken a fork
301 115 has taken a fork
301 72 is sleeping
301 133 is eating
301 73 has taken a fork
301 123 is eating
301 73 has taken a fork
301 183 has taken a fork
301 183 is eating
301 67 has taken a fork
301 67 is eating
301 161 has taken a fork
301 33 is eating
301 70 is sleeping
301 49 has taken a fork
301 49 has taken a fork
301 49 is eating
301 109 has taken a fork
301 109 is eating
301 148 is sleeping
301 97 has taken a fork
301 97 is eating
301 159 has taken a fork
301 29 has taken a fork
301 159 is eating
301 29 is eating
301 131 has taken a fork
301 47 has taken a fork
301 131 has taken a fork
301 47 has taken a fork
301 131 is eating
301 41 has taken a fork
301 140 is sleeping
301 117 is eating
301 138 is sleeping
301 71 has taken a fork
301 179 has taken a fork
301 79 has taken a fork
301 71 is eating
301 89 has taken a fork
301 89 is eating
301 47 is eating
301 125 has taken a fork
301 125 is eating
301 143 is eating
301 37 has taken a fork
301 78 is sleeping
301 102 is sleeping
301 37 is eating
301 181 is eating
301 115 is eating
301 73 is eating
301 157 has taken a fork
301 157 is eating
301 161 has taken a fork
301 161 is eating
301 135 is eating
301 141 is eating
301 167 has taken a fork
301 167 has taken a fork
301 167 is eating
301 63 has taken a fork
301 169 has taken a fork
301 63 is eating
301 169 is eating
301 179 is eating
301 79 has taken a fork
301 41 has taken a fork
301 39 has taken a fork
301 41 is eating
301 39 is eating
301 55 has taken a fork
301 83 has taken a fork
301 105 is eating
301 83 is eating
301 101 has taken a fork
301 53 has taken a fork
301 101 is eating
301 53 is eating
301 51 has taken a fork
301 51 has taken a fork
301 14 is thinking
301 51 is eating
301 55 is eating
301 79 is eating
301 87 has taken a fork
301 87 has taken a fork
301 87 is eating
301 145 is eating
301 127 has taken a fork
301 127 is eating
302 48 is thinking
302 60 is thinking
302 90 is thinking
302 184 is thinking
302 64 is thinking
302 104 is thinking
302 192 is sleeping
302 191 has taken a fork
302 180 is thinking
302 140 is thinking
302 162 is thinking
302 178 is thinking
302 28 is thinking
302 66 is thinking
302 78 is thinking
302 62 is thinking
302 54 is thinking
302 130 is thinking
302 128 is thinking
302 136 is thinking
302 170 is thinking
302 122 is thinking
302 80 is thinking
302 50 is thinking
302 114 is thinking
302 138 is thinking
302 166 is thinking
302 112 is thinking
302 118 is thinking
302 56 is thinking
302 38 is thinking
302 158 is thinking
302 146 is thinking
302 172 is thinking
302 102 is thinking
302 82 is thinking
302 108 is thinking
302 98 is thinking
302 36 is thinking
302 176 is thinking
302 32 is thinking
302 134 is thinking
302 188 is sleeping
302 116 is thinking
302 187 has taken a fork
302 187 has taken a fork
302 187 is eating
302 120 is thinking
302 46 is thinking
302 190 is sleeping
302 197 has taken a fork
302 132 is thinking
302 110 is thinking
302 68 is thinking
302 44 is thinking
302 126 is thinking
302 84 is thinking
302 94 is thinking
302 124 is thinking
302 52 is thinking
302 198 is sleeping
302 70 is thinking
302 1 has taken a fork
302 156 is thinking
302 92 is thinking
302 189 has taken a fork
302 164 is thinking
302 100 is thinking
302 191 has taken a fork
302 58 is thinking
302 150 is thinking
302 86 is thinking
302 154 is thinking
302 42 is thinking
302 106 is thinking
302 148 is thinking
302 182 is thinking
302 142 is thinking
302 72 is thinking
302 174 is thinking
302 193 has taken a fork
302 197 has taken a fork
302 76 is thinking
302 1 is eating
302 168 is thinking
302 30 is thinking
302 195 has taken a fork
302 160 is thinking
302 197 is eating
302 34 is thinking
302 74 is thinking
302 191 is eating
302 186 is thinking
302 193 has taken a fork
302 88 is thinking
302 96 is thinking
302 193 is eating
302 194 is sleeping
302 40 is thinking
302 152 is thinking
302 196 is sleeping
302 189 has taken a fork
302 189 is eating
302 144 is thinking
302 195 has taken a fork
302 195 is eating
303 188 is thinking
303 190 is thinking
303 198 is thinking
303 194 is thinking
303 192 is thinking
303 196 is thinking
600 7 is sleeping
600 6 has taken a fork
600 25 is sleeping
600 19 is sleeping
600 15 is sleeping
600 17 is sleeping
600 21 is sleeping
600 5 is sleeping
600 18 has taken a fork
600 14 has taken a fork
600 18 has taken a fork
600 11 is sleeping
600 13 is sleeping
600 22 has taken a fork
600 3 is sleeping
600 22 has taken a fork
600 22 is eating
600 2 has taken a fork
600 10 has taken a fork
600 12 has taken a fork
600 10 has taken a fork
600 12 has taken a fork
600 10 is eating
600 12 is eating
600 6 has taken a fork
600 20 has taken a fork
600 24 has taken a fork
600 20 has taken a fork
600 24 has taken a fork
600 20 is eating
600 4 has taken a fork
600 24 is eating
600 8 has taken a fork
600 4 has taken a fork
600 18 is eating
600 8 has taken a fork
600 4 is eating
600 8 is eating
600 9 is sleeping
600 14 has taken a fork
600 6 is eating
600 14 is eating
600 16 has taken a fork
600 16 has taken a fork
600 16 is eating
600 23 is sleeping
601 65 is sleeping
601 83 is sleeping
601 127 is sleeping
601 153 is sleeping
601 60 has taken a fork
601 61 is sleeping
601 13 is thinking
601 64 has taken a fork
601 126 has taken a fork
601 123 is sleeping
601 129 is sleeping
601 137 is sleeping
601 113 is sleeping
601 181 is sleeping
601 152 has taken a fork
601 85 is sleeping
601 25 is thinking
601 82 has taken a fork
601 131 is sleeping
601 73 is sleeping
601 103 is sleeping
601 151 is sleeping
601 175 is sleeping
601 75 is sleeping
601 23 is thinking
601 139 is sleeping
601 67 is sleeping
601 161 is sleeping
601 7 is thinking
601 3 is thinking
601 21 is thinking
601 37 is sleeping
601 173 is sleeping
601 53 is sleeping
601 33 is sleeping
601 17 is thinking
601 81 is sleeping
601 155 is sleeping
601 19 is thinking
601 121 is sleeping
601 134 has taken a fork
601 105 is sleeping
601 95 is sleeping
601 149 is sleeping
601 80 has taken a fork
601 84 has taken a fork
601 112 has taken a fork
601 180 has taken a fork
601 70 has taken a fork
601 58 has taken a fork
601 162 has taken a fork
601 101 is sleeping
601 76 has taken a fork
601 71 is sleeping
601 108 has taken a fork
601 72 has taken a fork
601 102 has taken a fork
601 77 is sleeping
601 104 has taken a fork
601 102 has taken a fork
601 145 is sleeping
601 160 has taken a fork
601 109 is sleeping
601 150 has taken a fork
601 160 has taken a fork
601 157 is sleeping
601 133 is sleeping
601 74 has taken a fork
601 160 is eating
601 102 is eating
601 87 is sleeping
601 111 is sleeping
601 42 has taken a fork
601 117 is sleeping
601 154 has taken a fork
601 42 has taken a fork
601 27 is sleeping
601 115 is sleeping
601 179 is sleeping
601 9 is thinking
601 125 is sleeping
601 148 has taken a fork
601 51 is sleeping
601 183 is sleeping
601 165 is sleeping
601 29 is sleeping
601 170 has taken a fork
601 5 is thinking
601 94 has taken a fork
601 158 has taken a fork
601 128 has taken a fork
601 158 has taken a fork
601 148 has taken a fork
601 62 has taken a fork
601 170 has taken a fork
601 62 has taken a fork
601 158 is eating
601 98 has taken a fork
601 170 is eating
601 110 has taken a fork
601 98 has taken a fork
601 110 has taken a fork
601 46 has taken a fork
601 98 is eating
601 148 is eating
601 62 is eating
601 185 is sleeping
601 76 has taken a fork
601 168 has taken a fork
601 162 has taken a fork
601 88 has taken a fork
601 146 has taken a fork
601 162 is eating
601 46 has taken a fork
601 112 has taken a fork
601 116 has taken a fork
601 46 is eating
601 174 has taken a fork
601 44 has taken a fork
601 68 has taken a fork
601 163 is sleeping
601 116 has taken a fork
601 152 has taken a fork
601 156 has taken a fork
601 112 is eating
601 72 has taken a fork
601 59 is sleeping
601 116 is eating
601 96 has taken a fork
601 140 has taken a fork
601 108 has taken a fork
601 68 has taken a fork
601 47 is sleeping
601 108 is eating
601 68 is eating
601 178 has taken a fork
601 152 is eating
601 178 has taken a fork
601 39 is sleeping
601 28 has taken a fork
601 104 has taken a fork
601 28 has taken a fork
601 69 is sleeping
601 74 has taken a fork
601 28 is eating
601 40 has taken a fork
601 182 has taken a fork
601 94 has taken a fork
601 63 is sleeping
601 172 has taken a fork
601 166 has taken a fork
601 43 is sleeping
601 90 has taken a fork
601 136 has taken a fork
601 177 is sleeping
601 54 has taken a fork
601 90 has taken a fork
601 60 has taken a fork
601 84 has taken a fork
601 54 has taken a fork
601 90 is eating
601 184 has taken a fork
601 91 is sleeping
601 110 is eating
601 136 has taken a fork
601 86 has taken a fork
601 136 is eating
601 84 is eating
601 38 has taken a fork
601 132 has taken a fork
601 76 is eating
601 38 has taken a fork
601 132 has taken a fork
601 88 has taken a fork
601 38 is eating
601 184 has taken a fork
601 132 is eating
601 64 has taken a fork
601 168 has taken a fork
601 184 is eating
601 55 is sleeping
601 92 has taken a fork
601 174 has taken a fork
601 80 has taken a fork
601 156 has taken a fork
601 80 is eating
601 92 has taken a fork
601 54 is eating
601 142 has taken a fork
601 92 is eating
601 118 has taken a fork
601 174 is eating
601 118 has taken a fork
601 93 is sleeping
601 118 is eating
601 49 is sleeping
601 146 has taken a fork
601 15 is thinking
601 164 has taken a fork
601 96 has taken a fork
601 34 has taken a fork
601 146 is eating
601 124 has taken a fork
601 150 has taken a fork
601 57 is sleeping
601 154 has taken a fork
601 79 is sleeping
601 124 has taken a fork
601 150 is eating
601 96 is eating
601 42 is eating
601 45 is sleeping
601 99 is sleeping
601 97 is sleeping
601 126 has taken a fork
601 36 has taken a fork
601 40 has taken a fork
601 36 has taken a fork
601 120 has taken a fork
601 154 is eating
601 31 is sleeping
601 176 has taken a fork
601 120 has taken a fork
601 94 is eating
601 166 has taken a fork
601 120 is eating
601 172 has taken a fork
601 134 has taken a fork
601 172 is eating
601 144 has taken a fork
601 134 is eating
601 144 has taken a fork
601 58 has taken a fork
601 171 is sleeping
601 86 has taken a fork
601 144 is eating
601 56 has taken a fork
601 86 is eating
601 41 is sleeping
601 56 has taken a fork
601 106 has taken a fork
601 88 is eating
601 156 is eating
601 56 is eating
601 106 has taken a fork
601 82 has taken a fork
601 180 has taken a fork
601 106 is eating
601 50 has taken a fork
601 104 is eating
601 180 is eating
601 50 has taken a fork
601 82 is eating
601 48 has taken a fork
601 89 is sleeping
601 48 has taken a fork
601 141 is sleeping
601 119 is sleeping
601 74 is eating
601 130 has taken a fork
601 140 has taken a fork
601 32 has taken a fork
601 140 is eating
601 48 is eating
601 32 has taken a fork
601 32 is eating
601 138 has taken a fork
601 143 is sleeping
601 126 is eating
601 35 is sleeping
601 52 has taken a fork
601 182 has taken a fork
601 52 has taken a fork
601 182 is eating
601 52 is eating
601 25 has taken a fork
601 159 is sleeping
601 167 is sleeping
601 70 has taken a fork
601 70 is eating
601 128 has taken a fork
601 168 is eating
601 128 is eating
601 11 is thinking
601 64 is eating
601 72 is eating
601 100 has taken a fork
601 169 is sleeping
601 60 is eating
601 100 has taken a fork
601 107 is sleeping
601 100 is eating
601 50 is eating
601 26 has taken a fork
601 78 has taken a fork
601 66 has taken a fork
601 78 has taken a fork
601 66 has taken a fork
601 124 is eating
601 66 is eating
601 34 has taken a fork
601 78 is eating
601 34 is eating
601 138 has taken a fork
601 138 is eating
601 36 is eating
601 135 is sleeping
601 122 has taken a fork
601 166 is eating
601 122 has taken a fork
601 130 has taken a fork
601 142 has taken a fork
601 178 is eating
601 147 is sleeping
602 115 is thinking
601 44 has taken a fork
602 125 is thinking
602 99 is thinking
601 176 has taken a fork
602 179 is thinking
601 114 has taken a fork
602 97 is thinking
602 93 is thinking
602 45 is thinking
602 183 is thinking
602 57 is thinking
602 185 is thinking
601 40 is eating
602 185 has taken a fork
602 44 is eating
602 142 is eating
602 29 is thinking
602 29 has taken a fork
602 122 is eating
602 176 is eating
601 58 is eating
602 165 is thinking
602 114 has taken a fork
602 59 is thinking
602 114 is eating
601 164 has taken a fork
602 130 is eating
602 164 is eating
602 79 is thinking
601 30 has taken a fork
602 31 is thinking
602 163 is thinking
602 47 is thinking
602 69 is thinking
602 83 is thinking
602 41 is thinking
602 171 is thinking
602 181 is thinking
602 129 is thinking
602 189 is sleeping
602 188 has taken a fork
602 65 is thinking
602 89 is thinking
602 43 is thinking
602 61 is thinking
602 191 is sleeping
602 141 is thinking
602 190 has taken a fork
602 153 is thinking
602 190 has taken a fork
602 39 is thinking
602 190 is eating
602 123 is thinking
602 155 is thinking
602 186 has taken a fork
602 119 is thinking
602 188 has taken a fork
602 85 is thinking
602 187 is sleeping
602 143 is thinking
602 91 is thinking
602 177 is thinking
602 159 is thinking
602 33 is thinking
602 63 is thinking
602 149 is thinking
602 188 is eating
602 173 is thinking
602 131 is thinking
602 194 has taken a fork
602 127 is thinking
602 81 is thinking
602 103 is thinking
602 35 is thinking
602 139 is thinking
602 161 is thinking
602 67 is thinking
602 107 is thinking
602 73 is thinking
602 145 is thinking
602 175 is thinking
602 195 is sleeping
602 55 is thinking
602 117 is thinking
602 157 is thinking
602 133 is thinking
602 71 is thinking
602 193 is sleeping
602 194 has taken a fork
602 194 is eating
602 151 is thinking
602 113 is thinking
602 77 is thinking
602 121 is thinking
602 169 is thinking
602 95 is thinking
602 75 is thinking
602 167 is thinking
602 53 is thinking
602 137 is thinking
602 101 is thinking
602 37 is thinking
602 27 is thinking
602 111 is thinking
602 49 is thinking
602 197 is sleeping
602 51 is thinking
602 196 has taken a fork
602 196 has taken a fork
602 196 is eating
602 105 is thinking
602 198 has taken a fork
602 1 is sleeping
602 2 has taken a fork
602 198 has taken a fork
602 198 is eating
602 2 is eating
602 135 is thinking
602 87 is thinking
602 192 has taken a fork
602 192 has taken a fork
602 192 is eating
602 109 is thinking
603 195 is thinking
603 193 is thinking
603 197 is thinking
603 1 is thinking
603 191 is thinking
603 147 is thinking
603 187 is thinking
603 189 is thinking
611 26 died
